waiting to take filesystem lock on C:\vcpkg\vcpkg\.vcpkg-root...
Detecting compiler hash for triplet x64-windows...
Compiler found: C:/Program Files/Microsoft Visual Studio/2022/Community/VC/Tools/MSVC/14.42.34433/bin/Hostx64/x64/cl.exe
All requested packages are currently installed.
Total install time: 863 us
The package stb provides CMake targets:

    find_package(Stb REQUIRED)
    target_include_directories(main PRIVATE ${Stb_INCLUDE_DIR})
assimp provides CMake targets:

  # this is heuristically generated, and may not be correct
  find_package(assimp CONFIG REQUIRED)
  target_link_libraries(main PRIVATE assimp::assimp)

assimp provides pkg-config modules:

  # Import various well-known 3D model formats in an uniform manner.
  assimp

The package glew is compatible with built-in CMake targets:

    find_package(GLEW REQUIRED)
    target_link_libraries(main PRIVATE GLEW::GLEW)

The package glm provides CMake targets:

    find_package(glm CONFIG REQUIRED)
    target_link_libraries(main PRIVATE glm::glm)

    # Or use the header-only version
    find_package(glm CONFIG REQUIRED)
    target_link_libraries(main PRIVATE glm::glm-header-only)

sdl2 provides CMake targets:

    find_package(SDL2 CONFIG REQUIRED)
    target_link_libraries(main
        PRIVATE
        $<TARGET_NAME_IF_EXISTS:SDL2::SDL2main>
        $<IF:$<TARGET_EXISTS:SDL2::SDL2>,SDL2::SDL2,SDL2::SDL2-static>
    )

imgui provides CMake targets:

  # this is heuristically generated, and may not be correct
  find_package(imgui CONFIG REQUIRED)
  target_link_libraries(main PRIVATE imgui::imgui)

